
> helloxiaohong@1.0.0 dev
> node src/server.js

00:34:27 [[32MINFO[39M] 🚀 服务器已启动: http://localhost:3000
00:34:27 [[32MINFO[39M] 📅 调度器已启动
✅ 数据库初始化完成
00:34:27 [[32MINFO[39M] 调度器已启动
00:35:00 [[34MDEBUG[39M] 调度器检查任务...
00:35:00 [[34MDEBUG[39M] 没有待发布任务
00:36:00 [[34MDEBUG[39M] 调度器检查任务...
00:36:00 [[34MDEBUG[39M] 没有待发布任务
00:36:37 [[32MINFO[39M] 文件上传成功 {"count":1}
00:36:37 [[32MINFO[39M] 内容创建成功 {"contentId":20,"title":"秋日瀑布 Autumn Cascade"}
00:36:40 [[32MINFO[39M] 发布计划创建成功 {"scheduleId":1000,"contentId":20,"accountId":4,"scheduledAt":"2026-01-15T00:41"}
00:36:42 [[32MINFO[39M] 计划已设置为立即执行 {"scheduleId":1000}
00:36:56 [[32MINFO[39M] 计划已设置为立即执行 {"scheduleId":1000}
00:37:00 [[34MDEBUG[39M] 调度器检查任务...
00:37:00 [[32MINFO[39M] 发现 1 个待发布任务
00:37:00 [[32MINFO[39M] 开始处理发布任务 {"scheduleId":1000,"contentTitle":"秋日瀑布 Autumn Cascade","accountNickname":"小红书用户"}
00:37:00 [[32MINFO[39M] 正在启动浏览器... {"headless":false}
00:37:01 [[32MINFO[39M] 浏览器启动成功
00:37:01 [[32MINFO[39M] 已加载 Cookie {"path":"/Users/corlin/2026/helloxiaohong/cookies/account_4.json"}
00:37:02 [[32MINFO[39M] 正在打开发布页... {"accountId":4,"step":"navigate"}
00:37:08 [[32MINFO[39M] 切换到图文模式 {"accountId":4,"step":"switch_tab"}
00:37:08 [[32MINFO[39M] 查找 Tab "上传图文" 候选: 1 个
00:37:08 [[32MINFO[39M] 尝试点击 Tab (第 1 次)
00:37:10 [[32MINFO[39M] Tab 切换成功 (Active)
00:37:12 [[32MINFO[39M] 上传图片... {"accountId":4,"step":"upload"}
00:37:12 [[34MDEBUG[39M] 页面控制台错误 {"text":"Failed to load resource: net::ERR_BLOCKED_BY_CLIENT"}
00:37:12 [[34MDEBUG[39M] 页面控制台错误 {"text":"Failed to load resource: net::ERR_CONNECTION_REFUSED"}
00:37:12 [[34MDEBUG[39M] 页面控制台错误 {"text":"Failed to load resource: net::ERR_CONNECTION_REFUSED"}
00:37:12 [[34MDEBUG[39M] 页面控制台错误 {"text":"Failed to load resource: net::ERR_BLOCKED_BY_CLIENT"}
00:37:12 [[34MDEBUG[39M] 页面控制台错误 {"text":"Failed to load resource: net::ERR_BLOCKED_BY_CLIENT"}
00:37:12 [[34MDEBUG[39M] 页面控制台错误 {"text":"Failed to load resource: net::ERR_BLOCKED_BY_CLIENT"}
00:37:12 [[34MDEBUG[39M] 页面控制台错误 {"text":"Failed to load resource: net::ERR_BLOCKED_BY_CLIENT"}
00:37:12 [[34MDEBUG[39M] 页面控制台错误 {"text":"Failed to load resource: net::ERR_BLOCKED_BY_CLIENT"}
00:37:12 [[34MDEBUG[39M] 页面控制台错误 {"text":"Failed to load resource: net::ERR_BLOCKED_BY_CLIENT"}
00:37:12 [[34MDEBUG[39M] 页面控制台错误 {"text":"Failed to load resource: net::ERR_BLOCKED_BY_CLIENT"}
00:37:13 [[34MDEBUG[39M] 页面控制台错误 {"text":"ReferenceError: ratio is not defined\n    at https://fe-static.xhscdn.com/formula-static/ugc/public/resource/js/project-publish-vue.4ad11e2a.js:1:212704"}
00:37:15 [[32MINFO[39M] 等待编辑器加载... {"accountId":4,"step":"verify"}
00:37:15 [[32MINFO[39M] 填写内容... {"accountId":4,"step":"fill"}
00:38:00 [[34MDEBUG[39M] 调度器检查任务...
00:38:00 [[34MDEBUG[39M] 调度器正在运行中，跳过本次检查
00:38:39 [[32MINFO[39M] 点击发布... {"accountId":4,"step":"publish"}
00:38:39 [[34MDEBUG[39M] 截图已保存 {"path":"/Users/corlin/2026/helloxiaohong/logs/screenshots/before_publish_4_2026-01-14T16-38-39-262Z.png"}
00:38:41 [[32MINFO[39M] 发布成功 {"accountId":4,"step":"success"}
00:38:41 [[34MDEBUG[39M] 截图已保存 {"path":"/Users/corlin/2026/helloxiaohong/logs/screenshots/success_4_2026-01-14T16-38-41-152Z.png"}
00:38:41 [[32MINFO[39M] Cookie 已保存 {"path":"/Users/corlin/2026/helloxiaohong/cookies/account_4.json","count":15}
00:38:41 [[32MINFO[39M] 发布成功 {"scheduleId":1000}
00:39:00 [[34MDEBUG[39M] 调度器检查任务...
00:39:00 [[34MDEBUG[39M] 没有待发布任务
00:40:00 [[34MDEBUG[39M] 调度器检查任务...
00:40:00 [[34MDEBUG[39M] 没有待发布任务
00:41:00 [[34MDEBUG[39M] 调度器检查任务...
00:41:00 [[34MDEBUG[39M] 没有待发布任务
00:42:00 [[34MDEBUG[39M] 调度器检查任务...
00:42:00 [[34MDEBUG[39M] 没有待发布任务
00:43:00 [[34MDEBUG[39M] 调度器检查任务...
00:43:00 [[34MDEBUG[39M] 没有待发布任务
00:44:00 [[34MDEBUG[39M] 调度器检查任务...
00:44:00 [[34MDEBUG[39M] 没有待发布任务
00:45:00 [[34MDEBUG[39M] 调度器检查任务...
00:45:00 [[34MDEBUG[39M] 没有待发布任务
00:46:00 [[34MDEBUG[39M] 调度器检查任务...
00:46:00 [[34MDEBUG[39M] 没有待发布任务
00:47:00 [[34MDEBUG[39M] 调度器检查任务...
00:47:00 [[34MDEBUG[39M] 没有待发布任务
00:48:00 [[34MDEBUG[39M] 调度器检查任务...
00:48:00 [[34MDEBUG[39M] 没有待发布任务
00:49:00 [[34MDEBUG[39M] 调度器检查任务...
00:49:00 [[34MDEBUG[39M] 没有待发布任务
00:50:00 [[34MDEBUG[39M] 调度器检查任务...
00:50:00 [[34MDEBUG[39M] 没有待发布任务
00:51:00 [[34MDEBUG[39M] 调度器检查任务...
00:51:00 [[34MDEBUG[39M] 没有待发布任务
00:52:00 [[34MDEBUG[39M] 调度器检查任务...
00:52:00 [[34MDEBUG[39M] 没有待发布任务
00:53:00 [[34MDEBUG[39M] 调度器检查任务...
00:53:00 [[34MDEBUG[39M] 没有待发布任务
00:54:00 [[34MDEBUG[39M] 调度器检查任务...
00:54:00 [[34MDEBUG[39M] 没有待发布任务
00:55:00 [[34MDEBUG[39M] 调度器检查任务...
00:55:00 [[34MDEBUG[39M] 没有待发布任务
00:56:00 [[34MDEBUG[39M] 调度器检查任务...
00:56:00 [[34MDEBUG[39M] 没有待发布任务
00:57:00 [[34MDEBUG[39M] 调度器检查任务...
00:57:00 [[34MDEBUG[39M] 没有待发布任务
00:58:00 [[34MDEBUG[39M] 调度器检查任务...
00:58:00 [[34MDEBUG[39M] 没有待发布任务
00:59:00 [[34MDEBUG[39M] 调度器检查任务...
00:59:00 [[34MDEBUG[39M] 没有待发布任务
01:00:00 [[34MDEBUG[39M] 调度器检查任务...
01:00:00 [[34MDEBUG[39M] 没有待发布任务
01:01:00 [[34MDEBUG[39M] 调度器检查任务...
01:01:00 [[34MDEBUG[39M] 没有待发布任务
01:02:00 [[34MDEBUG[39M] 调度器检查任务...
01:02:00 [[34MDEBUG[39M] 没有待发布任务
01:03:00 [[34MDEBUG[39M] 调度器检查任务...
01:03:00 [[34MDEBUG[39M] 没有待发布任务
01:04:00 [[34MDEBUG[39M] 调度器检查任务...
01:04:00 [[34MDEBUG[39M] 没有待发布任务
01:05:00 [[34MDEBUG[39M] 调度器检查任务...
01:05:00 [[34MDEBUG[39M] 没有待发布任务
01:06:00 [[34MDEBUG[39M] 调度器检查任务...
01:06:00 [[34MDEBUG[39M] 没有待发布任务
01:07:00 [[34MDEBUG[39M] 调度器检查任务...
01:07:00 [[34MDEBUG[39M] 没有待发布任务
01:08:00 [[34MDEBUG[39M] 调度器检查任务...
01:08:00 [[34MDEBUG[39M] 没有待发布任务
01:09:00 [[34MDEBUG[39M] 调度器检查任务...
01:09:00 [[34MDEBUG[39M] 没有待发布任务
01:10:00 [[34MDEBUG[39M] 调度器检查任务...
01:10:00 [[34MDEBUG[39M] 没有待发布任务
01:11:00 [[34MDEBUG[39M] 调度器检查任务...
01:11:00 [[34MDEBUG[39M] 没有待发布任务
01:12:00 [[34MDEBUG[39M] 调度器检查任务...
01:12:00 [[34MDEBUG[39M] 没有待发布任务
01:13:00 [[34MDEBUG[39M] 调度器检查任务...
01:13:00 [[34MDEBUG[39M] 没有待发布任务
01:14:00 [[34MDEBUG[39M] 调度器检查任务...
01:14:00 [[34MDEBUG[39M] 没有待发布任务
01:15:00 [[34MDEBUG[39M] 调度器检查任务...
01:15:00 [[34MDEBUG[39M] 没有待发布任务
01:16:00 [[34MDEBUG[39M] 调度器检查任务...
01:16:00 [[34MDEBUG[39M] 没有待发布任务
01:17:00 [[34MDEBUG[39M] 调度器检查任务...
01:17:00 [[34MDEBUG[39M] 没有待发布任务
01:18:00 [[34MDEBUG[39M] 调度器检查任务...
01:18:00 [[34MDEBUG[39M] 没有待发布任务
01:19:00 [[34MDEBUG[39M] 调度器检查任务...
01:19:00 [[34MDEBUG[39M] 没有待发布任务
01:20:00 [[34MDEBUG[39M] 调度器检查任务...
01:20:00 [[34MDEBUG[39M] 没有待发布任务
01:21:00 [[34MDEBUG[39M] 调度器检查任务...
01:21:00 [[34MDEBUG[39M] 没有待发布任务
01:22:00 [[34MDEBUG[39M] 调度器检查任务...
01:22:00 [[34MDEBUG[39M] 没有待发布任务
01:23:00 [[34MDEBUG[39M] 调度器检查任务...
01:23:00 [[34MDEBUG[39M] 没有待发布任务
01:24:00 [[34MDEBUG[39M] 调度器检查任务...
01:24:01 [[34MDEBUG[39M] 没有待发布任务
01:25:00 [[34MDEBUG[39M] 调度器检查任务...
01:25:00 [[34MDEBUG[39M] 没有待发布任务
01:26:00 [[34MDEBUG[39M] 调度器检查任务...
01:26:00 [[34MDEBUG[39M] 没有待发布任务
01:27:00 [[34MDEBUG[39M] 调度器检查任务...
01:27:00 [[34MDEBUG[39M] 没有待发布任务
01:28:00 [[34MDEBUG[39M] 调度器检查任务...
01:28:00 [[34MDEBUG[39M] 没有待发布任务
01:29:00 [[34MDEBUG[39M] 调度器检查任务...
01:29:00 [[34MDEBUG[39M] 没有待发布任务
01:30:00 [[34MDEBUG[39M] 调度器检查任务...
01:30:00 [[34MDEBUG[39M] 没有待发布任务
01:31:00 [[34MDEBUG[39M] 调度器检查任务...
01:31:00 [[34MDEBUG[39M] 没有待发布任务
01:32:00 [[34MDEBUG[39M] 调度器检查任务...
01:32:00 [[34MDEBUG[39M] 没有待发布任务
01:33:00 [[34MDEBUG[39M] 调度器检查任务...
01:33:00 [[34MDEBUG[39M] 没有待发布任务
01:34:00 [[34MDEBUG[39M] 调度器检查任务...
01:34:00 [[34MDEBUG[39M] 没有待发布任务
01:35:00 [[34MDEBUG[39M] 调度器检查任务...
01:35:00 [[34MDEBUG[39M] 没有待发布任务
01:36:00 [[34MDEBUG[39M] 调度器检查任务...
01:36:00 [[34MDEBUG[39M] 没有待发布任务
01:37:00 [[34MDEBUG[39M] 调度器检查任务...
01:37:00 [[34MDEBUG[39M] 没有待发布任务
01:38:00 [[34MDEBUG[39M] 调度器检查任务...
01:38:00 [[34MDEBUG[39M] 没有待发布任务
01:39:00 [[34MDEBUG[39M] 调度器检查任务...
01:39:00 [[34MDEBUG[39M] 没有待发布任务
01:40:00 [[34MDEBUG[39M] 调度器检查任务...
01:40:00 [[34MDEBUG[39M] 没有待发布任务
01:41:00 [[34MDEBUG[39M] 调度器检查任务...
01:41:00 [[34MDEBUG[39M] 没有待发布任务
01:42:00 [[34MDEBUG[39M] 调度器检查任务...
01:42:00 [[34MDEBUG[39M] 没有待发布任务
01:43:00 [[34MDEBUG[39M] 调度器检查任务...
01:43:00 [[34MDEBUG[39M] 没有待发布任务
01:44:00 [[34MDEBUG[39M] 调度器检查任务...
01:44:00 [[34MDEBUG[39M] 没有待发布任务
01:45:00 [[34MDEBUG[39M] 调度器检查任务...
01:45:00 [[34MDEBUG[39M] 没有待发布任务
01:46:00 [[34MDEBUG[39M] 调度器检查任务...
01:46:00 [[34MDEBUG[39M] 没有待发布任务
01:47:00 [[34MDEBUG[39M] 调度器检查任务...
01:47:00 [[34MDEBUG[39M] 没有待发布任务
01:48:00 [[34MDEBUG[39M] 调度器检查任务...
01:48:00 [[34MDEBUG[39M] 没有待发布任务
01:49:00 [[34MDEBUG[39M] 调度器检查任务...
01:49:00 [[34MDEBUG[39M] 没有待发布任务
01:50:00 [[34MDEBUG[39M] 调度器检查任务...
01:50:00 [[34MDEBUG[39M] 没有待发布任务
01:51:00 [[34MDEBUG[39M] 调度器检查任务...
01:51:00 [[34MDEBUG[39M] 没有待发布任务
01:52:00 [[34MDEBUG[39M] 调度器检查任务...
01:52:00 [[34MDEBUG[39M] 没有待发布任务
01:53:00 [[34MDEBUG[39M] 调度器检查任务...
01:53:00 [[34MDEBUG[39M] 没有待发布任务
01:54:00 [[34MDEBUG[39M] 调度器检查任务...
01:54:00 [[34MDEBUG[39M] 没有待发布任务
01:55:00 [[34MDEBUG[39M] 调度器检查任务...
01:55:00 [[34MDEBUG[39M] 没有待发布任务
01:56:00 [[34MDEBUG[39M] 调度器检查任务...
01:56:00 [[34MDEBUG[39M] 没有待发布任务
01:57:00 [[34MDEBUG[39M] 调度器检查任务...
01:57:00 [[34MDEBUG[39M] 没有待发布任务
01:58:00 [[34MDEBUG[39M] 调度器检查任务...
01:58:00 [[34MDEBUG[39M] 没有待发布任务
01:59:00 [[34MDEBUG[39M] 调度器检查任务...
01:59:00 [[34MDEBUG[39M] 没有待发布任务
02:00:00 [[34MDEBUG[39M] 调度器检查任务...
02:00:00 [[34MDEBUG[39M] 没有待发布任务
02:01:00 [[34MDEBUG[39M] 调度器检查任务...
02:01:00 [[34MDEBUG[39M] 没有待发布任务
02:02:00 [[34MDEBUG[39M] 调度器检查任务...
02:02:00 [[34MDEBUG[39M] 没有待发布任务
02:03:00 [[34MDEBUG[39M] 调度器检查任务...
02:03:00 [[34MDEBUG[39M] 没有待发布任务
02:04:00 [[34MDEBUG[39M] 调度器检查任务...
02:04:00 [[34MDEBUG[39M] 没有待发布任务
02:05:00 [[34MDEBUG[39M] 调度器检查任务...
02:05:00 [[34MDEBUG[39M] 没有待发布任务
02:06:00 [[34MDEBUG[39M] 调度器检查任务...
02:06:00 [[34MDEBUG[39M] 没有待发布任务
02:07:00 [[34MDEBUG[39M] 调度器检查任务...
02:07:00 [[34MDEBUG[39M] 没有待发布任务
02:08:00 [[34MDEBUG[39M] 调度器检查任务...
02:08:00 [[34MDEBUG[39M] 没有待发布任务
02:09:00 [[34MDEBUG[39M] 调度器检查任务...
02:09:00 [[34MDEBUG[39M] 没有待发布任务
02:10:00 [[34MDEBUG[39M] 调度器检查任务...
02:10:00 [[34MDEBUG[39M] 没有待发布任务
02:11:00 [[34MDEBUG[39M] 调度器检查任务...
02:11:00 [[34MDEBUG[39M] 没有待发布任务
02:12:00 [[34MDEBUG[39M] 调度器检查任务...
02:12:00 [[34MDEBUG[39M] 没有待发布任务
02:13:00 [[34MDEBUG[39M] 调度器检查任务...
02:13:00 [[34MDEBUG[39M] 没有待发布任务
02:14:00 [[34MDEBUG[39M] 调度器检查任务...
02:14:00 [[34MDEBUG[39M] 没有待发布任务
02:15:00 [[34MDEBUG[39M] 调度器检查任务...
02:15:00 [[34MDEBUG[39M] 没有待发布任务
02:16:00 [[34MDEBUG[39M] 调度器检查任务...
02:16:00 [[34MDEBUG[39M] 没有待发布任务
02:17:00 [[34MDEBUG[39M] 调度器检查任务...
02:17:00 [[34MDEBUG[39M] 没有待发布任务
02:18:00 [[34MDEBUG[39M] 调度器检查任务...
02:18:00 [[34MDEBUG[39M] 没有待发布任务
02:19:00 [[34MDEBUG[39M] 调度器检查任务...
02:19:00 [[34MDEBUG[39M] 没有待发布任务
02:20:00 [[34MDEBUG[39M] 调度器检查任务...
02:20:00 [[34MDEBUG[39M] 没有待发布任务
02:21:00 [[34MDEBUG[39M] 调度器检查任务...
02:21:00 [[34MDEBUG[39M] 没有待发布任务
02:22:00 [[34MDEBUG[39M] 调度器检查任务...
02:22:00 [[34MDEBUG[39M] 没有待发布任务
02:23:00 [[34MDEBUG[39M] 调度器检查任务...
02:23:00 [[34MDEBUG[39M] 没有待发布任务
02:24:00 [[34MDEBUG[39M] 调度器检查任务...
02:24:00 [[34MDEBUG[39M] 没有待发布任务
02:25:00 [[34MDEBUG[39M] 调度器检查任务...
02:25:00 [[34MDEBUG[39M] 没有待发布任务
02:26:00 [[34MDEBUG[39M] 调度器检查任务...
02:26:00 [[34MDEBUG[39M] 没有待发布任务
02:27:00 [[34MDEBUG[39M] 调度器检查任务...
02:27:00 [[34MDEBUG[39M] 没有待发布任务
02:28:00 [[34MDEBUG[39M] 调度器检查任务...
02:28:00 [[34MDEBUG[39M] 没有待发布任务
02:29:00 [[34MDEBUG[39M] 调度器检查任务...
02:29:00 [[34MDEBUG[39M] 没有待发布任务
02:30:00 [[34MDEBUG[39M] 调度器检查任务...
02:30:00 [[34MDEBUG[39M] 没有待发布任务
02:31:00 [[34MDEBUG[39M] 调度器检查任务...
02:31:00 [[34MDEBUG[39M] 没有待发布任务
02:32:00 [[34MDEBUG[39M] 调度器检查任务...
02:32:00 [[34MDEBUG[39M] 没有待发布任务
02:33:00 [[34MDEBUG[39M] 调度器检查任务...
02:33:00 [[34MDEBUG[39M] 没有待发布任务
02:34:00 [[34MDEBUG[39M] 调度器检查任务...
02:34:00 [[34MDEBUG[39M] 没有待发布任务
02:35:00 [[34MDEBUG[39M] 调度器检查任务...
02:35:00 [[34MDEBUG[39M] 没有待发布任务
02:36:00 [[34MDEBUG[39M] 调度器检查任务...
02:36:00 [[34MDEBUG[39M] 没有待发布任务
02:37:00 [[34MDEBUG[39M] 调度器检查任务...
02:37:00 [[34MDEBUG[39M] 没有待发布任务
02:38:00 [[34MDEBUG[39M] 调度器检查任务...
02:38:00 [[34MDEBUG[39M] 没有待发布任务
02:39:00 [[34MDEBUG[39M] 调度器检查任务...
02:39:00 [[34MDEBUG[39M] 没有待发布任务
02:40:00 [[34MDEBUG[39M] 调度器检查任务...
02:40:00 [[34MDEBUG[39M] 没有待发布任务
02:41:00 [[34MDEBUG[39M] 调度器检查任务...
02:41:00 [[34MDEBUG[39M] 没有待发布任务
02:42:00 [[34MDEBUG[39M] 调度器检查任务...
02:42:00 [[34MDEBUG[39M] 没有待发布任务
02:43:00 [[34MDEBUG[39M] 调度器检查任务...
02:43:00 [[34MDEBUG[39M] 没有待发布任务
02:44:00 [[34MDEBUG[39M] 调度器检查任务...
02:44:00 [[34MDEBUG[39M] 没有待发布任务
02:45:00 [[34MDEBUG[39M] 调度器检查任务...
02:45:00 [[34MDEBUG[39M] 没有待发布任务
02:46:00 [[34MDEBUG[39M] 调度器检查任务...
02:46:00 [[34MDEBUG[39M] 没有待发布任务
02:47:00 [[34MDEBUG[39M] 调度器检查任务...
02:47:00 [[34MDEBUG[39M] 没有待发布任务
02:48:00 [[34MDEBUG[39M] 调度器检查任务...
02:48:00 [[34MDEBUG[39M] 没有待发布任务
02:49:00 [[34MDEBUG[39M] 调度器检查任务...
02:49:00 [[34MDEBUG[39M] 没有待发布任务
02:50:00 [[34MDEBUG[39M] 调度器检查任务...
02:50:00 [[34MDEBUG[39M] 没有待发布任务
02:51:00 [[34MDEBUG[39M] 调度器检查任务...
02:51:00 [[34MDEBUG[39M] 没有待发布任务
02:52:00 [[34MDEBUG[39M] 调度器检查任务...
02:52:00 [[34MDEBUG[39M] 没有待发布任务
02:53:00 [[34MDEBUG[39M] 调度器检查任务...
02:53:00 [[34MDEBUG[39M] 没有待发布任务
02:54:00 [[34MDEBUG[39M] 调度器检查任务...
02:54:00 [[34MDEBUG[39M] 没有待发布任务
02:55:00 [[34MDEBUG[39M] 调度器检查任务...
02:55:00 [[34MDEBUG[39M] 没有待发布任务
02:56:00 [[34MDEBUG[39M] 调度器检查任务...
02:56:00 [[34MDEBUG[39M] 没有待发布任务
02:57:00 [[34MDEBUG[39M] 调度器检查任务...
02:57:00 [[34MDEBUG[39M] 没有待发布任务
02:58:00 [[34MDEBUG[39M] 调度器检查任务...
02:58:00 [[34MDEBUG[39M] 没有待发布任务
02:59:00 [[34MDEBUG[39M] 调度器检查任务...
02:59:00 [[34MDEBUG[39M] 没有待发布任务
03:00:00 [[34MDEBUG[39M] 调度器检查任务...
03:00:00 [[34MDEBUG[39M] 没有待发布任务
03:01:00 [[34MDEBUG[39M] 调度器检查任务...
03:01:00 [[34MDEBUG[39M] 没有待发布任务
03:02:00 [[34MDEBUG[39M] 调度器检查任务...
03:02:00 [[34MDEBUG[39M] 没有待发布任务
03:03:00 [[34MDEBUG[39M] 调度器检查任务...
03:03:00 [[34MDEBUG[39M] 没有待发布任务
03:04:00 [[34MDEBUG[39M] 调度器检查任务...
03:04:00 [[34MDEBUG[39M] 没有待发布任务
03:05:00 [[34MDEBUG[39M] 调度器检查任务...
03:05:00 [[34MDEBUG[39M] 没有待发布任务
03:06:00 [[34MDEBUG[39M] 调度器检查任务...
03:06:00 [[34MDEBUG[39M] 没有待发布任务
03:07:00 [[34MDEBUG[39M] 调度器检查任务...
03:07:00 [[34MDEBUG[39M] 没有待发布任务
03:08:00 [[34MDEBUG[39M] 调度器检查任务...
03:08:00 [[34MDEBUG[39M] 没有待发布任务
03:09:00 [[34MDEBUG[39M] 调度器检查任务...
03:09:00 [[34MDEBUG[39M] 没有待发布任务
03:10:00 [[34MDEBUG[39M] 调度器检查任务...
03:10:00 [[34MDEBUG[39M] 没有待发布任务
03:11:00 [[34MDEBUG[39M] 调度器检查任务...
03:11:00 [[34MDEBUG[39M] 没有待发布任务
03:12:00 [[34MDEBUG[39M] 调度器检查任务...
03:12:00 [[34MDEBUG[39M] 没有待发布任务
03:13:00 [[34MDEBUG[39M] 调度器检查任务...
03:13:00 [[34MDEBUG[39M] 没有待发布任务
03:14:00 [[34MDEBUG[39M] 调度器检查任务...
03:14:00 [[34MDEBUG[39M] 没有待发布任务
03:15:00 [[34MDEBUG[39M] 调度器检查任务...
03:15:00 [[34MDEBUG[39M] 没有待发布任务
03:16:00 [[34MDEBUG[39M] 调度器检查任务...
03:16:00 [[34MDEBUG[39M] 没有待发布任务
03:17:00 [[34MDEBUG[39M] 调度器检查任务...
03:17:00 [[34MDEBUG[39M] 没有待发布任务
03:18:00 [[34MDEBUG[39M] 调度器检查任务...
03:18:00 [[34MDEBUG[39M] 没有待发布任务
03:19:00 [[34MDEBUG[39M] 调度器检查任务...
03:19:00 [[34MDEBUG[39M] 没有待发布任务
03:20:00 [[34MDEBUG[39M] 调度器检查任务...
03:20:00 [[34MDEBUG[39M] 没有待发布任务
03:21:00 [[34MDEBUG[39M] 调度器检查任务...
03:21:00 [[34MDEBUG[39M] 没有待发布任务
03:22:00 [[34MDEBUG[39M] 调度器检查任务...
03:22:00 [[34MDEBUG[39M] 没有待发布任务
03:23:00 [[34MDEBUG[39M] 调度器检查任务...
03:23:00 [[34MDEBUG[39M] 没有待发布任务
03:24:00 [[34MDEBUG[39M] 调度器检查任务...
03:24:00 [[34MDEBUG[39M] 没有待发布任务
03:25:00 [[34MDEBUG[39M] 调度器检查任务...
03:25:00 [[34MDEBUG[39M] 没有待发布任务
03:26:00 [[34MDEBUG[39M] 调度器检查任务...
03:26:00 [[34MDEBUG[39M] 没有待发布任务
03:27:00 [[34MDEBUG[39M] 调度器检查任务...
03:27:00 [[34MDEBUG[39M] 没有待发布任务
03:28:00 [[34MDEBUG[39M] 调度器检查任务...
03:28:00 [[34MDEBUG[39M] 没有待发布任务
03:29:00 [[34MDEBUG[39M] 调度器检查任务...
03:29:00 [[34MDEBUG[39M] 没有待发布任务
03:30:00 [[34MDEBUG[39M] 调度器检查任务...
03:30:00 [[34MDEBUG[39M] 没有待发布任务
03:31:00 [[34MDEBUG[39M] 调度器检查任务...
03:31:00 [[34MDEBUG[39M] 没有待发布任务
03:32:00 [[34MDEBUG[39M] 调度器检查任务...
03:32:00 [[34MDEBUG[39M] 没有待发布任务
03:33:00 [[34MDEBUG[39M] 调度器检查任务...
03:33:00 [[34MDEBUG[39M] 没有待发布任务
03:34:00 [[34MDEBUG[39M] 调度器检查任务...
03:34:00 [[34MDEBUG[39M] 没有待发布任务
03:35:00 [[34MDEBUG[39M] 调度器检查任务...
03:35:00 [[34MDEBUG[39M] 没有待发布任务
03:36:00 [[34MDEBUG[39M] 调度器检查任务...
03:36:00 [[34MDEBUG[39M] 没有待发布任务
03:37:00 [[34MDEBUG[39M] 调度器检查任务...
03:37:00 [[34MDEBUG[39M] 没有待发布任务
03:38:00 [[34MDEBUG[39M] 调度器检查任务...
03:38:00 [[34MDEBUG[39M] 没有待发布任务
03:39:00 [[34MDEBUG[39M] 调度器检查任务...
03:39:00 [[34MDEBUG[39M] 没有待发布任务
03:40:00 [[34MDEBUG[39M] 调度器检查任务...
03:40:00 [[34MDEBUG[39M] 没有待发布任务
03:41:00 [[34MDEBUG[39M] 调度器检查任务...
03:41:00 [[34MDEBUG[39M] 没有待发布任务
03:42:00 [[34MDEBUG[39M] 调度器检查任务...
03:42:00 [[34MDEBUG[39M] 没有待发布任务
03:43:00 [[34MDEBUG[39M] 调度器检查任务...
03:43:00 [[34MDEBUG[39M] 没有待发布任务
03:44:00 [[34MDEBUG[39M] 调度器检查任务...
03:44:00 [[34MDEBUG[39M] 没有待发布任务
03:45:00 [[34MDEBUG[39M] 调度器检查任务...
03:45:00 [[34MDEBUG[39M] 没有待发布任务
03:46:00 [[34MDEBUG[39M] 调度器检查任务...
03:46:00 [[34MDEBUG[39M] 没有待发布任务
03:47:00 [[34MDEBUG[39M] 调度器检查任务...
03:47:00 [[34MDEBUG[39M] 没有待发布任务
03:48:00 [[34MDEBUG[39M] 调度器检查任务...
03:48:00 [[34MDEBUG[39M] 没有待发布任务
03:49:00 [[34MDEBUG[39M] 调度器检查任务...
03:49:00 [[34MDEBUG[39M] 没有待发布任务
03:50:00 [[34MDEBUG[39M] 调度器检查任务...
03:50:00 [[34MDEBUG[39M] 没有待发布任务
03:51:00 [[34MDEBUG[39M] 调度器检查任务...
03:51:00 [[34MDEBUG[39M] 没有待发布任务
03:52:00 [[34MDEBUG[39M] 调度器检查任务...
03:52:00 [[34MDEBUG[39M] 没有待发布任务
03:53:00 [[34MDEBUG[39M] 调度器检查任务...
03:53:00 [[34MDEBUG[39M] 没有待发布任务
03:54:00 [[34MDEBUG[39M] 调度器检查任务...
03:54:00 [[34MDEBUG[39M] 没有待发布任务
03:55:00 [[34MDEBUG[39M] 调度器检查任务...
03:55:00 [[34MDEBUG[39M] 没有待发布任务
03:56:00 [[34MDEBUG[39M] 调度器检查任务...
03:56:00 [[34MDEBUG[39M] 没有待发布任务
03:57:00 [[34MDEBUG[39M] 调度器检查任务...
03:57:00 [[34MDEBUG[39M] 没有待发布任务
03:58:00 [[34MDEBUG[39M] 调度器检查任务...
03:58:00 [[34MDEBUG[39M] 没有待发布任务
03:59:00 [[34MDEBUG[39M] 调度器检查任务...
03:59:00 [[34MDEBUG[39M] 没有待发布任务
04:00:00 [[34MDEBUG[39M] 调度器检查任务...
04:00:00 [[34MDEBUG[39M] 没有待发布任务
04:01:00 [[34MDEBUG[39M] 调度器检查任务...
04:01:00 [[34MDEBUG[39M] 没有待发布任务
04:02:00 [[34MDEBUG[39M] 调度器检查任务...
04:02:00 [[34MDEBUG[39M] 没有待发布任务
04:03:00 [[34MDEBUG[39M] 调度器检查任务...
04:03:00 [[34MDEBUG[39M] 没有待发布任务
04:04:00 [[34MDEBUG[39M] 调度器检查任务...
04:04:00 [[34MDEBUG[39M] 没有待发布任务
04:05:00 [[34MDEBUG[39M] 调度器检查任务...
04:05:00 [[34MDEBUG[39M] 没有待发布任务
04:06:00 [[34MDEBUG[39M] 调度器检查任务...
04:06:00 [[34MDEBUG[39M] 没有待发布任务
04:07:00 [[34MDEBUG[39M] 调度器检查任务...
04:07:00 [[34MDEBUG[39M] 没有待发布任务
04:08:00 [[34MDEBUG[39M] 调度器检查任务...
04:08:00 [[34MDEBUG[39M] 没有待发布任务
04:09:00 [[34MDEBUG[39M] 调度器检查任务...
04:09:00 [[34MDEBUG[39M] 没有待发布任务
04:10:00 [[34MDEBUG[39M] 调度器检查任务...
04:10:00 [[34MDEBUG[39M] 没有待发布任务
04:11:00 [[34MDEBUG[39M] 调度器检查任务...
04:11:00 [[34MDEBUG[39M] 没有待发布任务
04:12:00 [[34MDEBUG[39M] 调度器检查任务...
04:12:00 [[34MDEBUG[39M] 没有待发布任务
04:13:00 [[34MDEBUG[39M] 调度器检查任务...
04:13:00 [[34MDEBUG[39M] 没有待发布任务
04:14:00 [[34MDEBUG[39M] 调度器检查任务...
04:14:00 [[34MDEBUG[39M] 没有待发布任务
04:15:00 [[34MDEBUG[39M] 调度器检查任务...
04:15:00 [[34MDEBUG[39M] 没有待发布任务
04:16:00 [[34MDEBUG[39M] 调度器检查任务...
04:16:00 [[34MDEBUG[39M] 没有待发布任务
04:17:00 [[34MDEBUG[39M] 调度器检查任务...
04:17:00 [[34MDEBUG[39M] 没有待发布任务
04:18:00 [[34MDEBUG[39M] 调度器检查任务...
04:18:00 [[34MDEBUG[39M] 没有待发布任务
04:19:00 [[34MDEBUG[39M] 调度器检查任务...
04:19:00 [[34MDEBUG[39M] 没有待发布任务
04:20:00 [[34MDEBUG[39M] 调度器检查任务...
04:20:00 [[34MDEBUG[39M] 没有待发布任务
04:21:00 [[34MDEBUG[39M] 调度器检查任务...
04:21:00 [[34MDEBUG[39M] 没有待发布任务
04:22:00 [[34MDEBUG[39M] 调度器检查任务...
04:22:00 [[34MDEBUG[39M] 没有待发布任务
04:23:00 [[34MDEBUG[39M] 调度器检查任务...
04:23:00 [[34MDEBUG[39M] 没有待发布任务
04:24:00 [[34MDEBUG[39M] 调度器检查任务...
04:24:00 [[34MDEBUG[39M] 没有待发布任务
04:25:00 [[34MDEBUG[39M] 调度器检查任务...
04:25:00 [[34MDEBUG[39M] 没有待发布任务
04:26:00 [[34MDEBUG[39M] 调度器检查任务...
04:26:00 [[34MDEBUG[39M] 没有待发布任务
04:27:00 [[34MDEBUG[39M] 调度器检查任务...
04:27:00 [[34MDEBUG[39M] 没有待发布任务
04:28:00 [[34MDEBUG[39M] 调度器检查任务...
04:28:00 [[34MDEBUG[39M] 没有待发布任务
04:29:00 [[34MDEBUG[39M] 调度器检查任务...
04:29:00 [[34MDEBUG[39M] 没有待发布任务
04:30:00 [[34MDEBUG[39M] 调度器检查任务...
04:30:00 [[34MDEBUG[39M] 没有待发布任务
04:31:00 [[34MDEBUG[39M] 调度器检查任务...
04:31:00 [[34MDEBUG[39M] 没有待发布任务
04:32:00 [[34MDEBUG[39M] 调度器检查任务...
04:32:00 [[34MDEBUG[39M] 没有待发布任务
04:33:00 [[34MDEBUG[39M] 调度器检查任务...
04:33:00 [[34MDEBUG[39M] 没有待发布任务
04:34:00 [[34MDEBUG[39M] 调度器检查任务...
04:34:00 [[34MDEBUG[39M] 没有待发布任务
04:35:00 [[34MDEBUG[39M] 调度器检查任务...
04:35:00 [[34MDEBUG[39M] 没有待发布任务
04:36:00 [[34MDEBUG[39M] 调度器检查任务...
04:36:00 [[34MDEBUG[39M] 没有待发布任务
04:37:00 [[34MDEBUG[39M] 调度器检查任务...
04:37:00 [[34MDEBUG[39M] 没有待发布任务
04:38:00 [[34MDEBUG[39M] 调度器检查任务...
04:38:00 [[34MDEBUG[39M] 没有待发布任务
04:39:00 [[34MDEBUG[39M] 调度器检查任务...
04:39:00 [[34MDEBUG[39M] 没有待发布任务
04:40:00 [[34MDEBUG[39M] 调度器检查任务...
04:40:00 [[34MDEBUG[39M] 没有待发布任务
04:41:00 [[34MDEBUG[39M] 调度器检查任务...
04:41:00 [[34MDEBUG[39M] 没有待发布任务
04:42:00 [[34MDEBUG[39M] 调度器检查任务...
04:42:00 [[34MDEBUG[39M] 没有待发布任务
04:43:00 [[34MDEBUG[39M] 调度器检查任务...
04:43:00 [[34MDEBUG[39M] 没有待发布任务
04:44:00 [[34MDEBUG[39M] 调度器检查任务...
04:44:00 [[34MDEBUG[39M] 没有待发布任务
04:45:00 [[34MDEBUG[39M] 调度器检查任务...
04:45:00 [[34MDEBUG[39M] 没有待发布任务
04:46:00 [[34MDEBUG[39M] 调度器检查任务...
04:46:00 [[34MDEBUG[39M] 没有待发布任务
04:47:00 [[34MDEBUG[39M] 调度器检查任务...
04:47:00 [[34MDEBUG[39M] 没有待发布任务
04:48:00 [[34MDEBUG[39M] 调度器检查任务...
04:48:00 [[34MDEBUG[39M] 没有待发布任务
04:49:00 [[34MDEBUG[39M] 调度器检查任务...
04:49:00 [[34MDEBUG[39M] 没有待发布任务
04:50:00 [[34MDEBUG[39M] 调度器检查任务...
04:50:00 [[34MDEBUG[39M] 没有待发布任务
04:51:00 [[34MDEBUG[39M] 调度器检查任务...
04:51:00 [[34MDEBUG[39M] 没有待发布任务
04:52:00 [[34MDEBUG[39M] 调度器检查任务...
04:52:00 [[34MDEBUG[39M] 没有待发布任务
04:53:00 [[34MDEBUG[39M] 调度器检查任务...
04:53:00 [[34MDEBUG[39M] 没有待发布任务
04:54:00 [[34MDEBUG[39M] 调度器检查任务...
04:54:00 [[34MDEBUG[39M] 没有待发布任务
04:55:00 [[34MDEBUG[39M] 调度器检查任务...
04:55:00 [[34MDEBUG[39M] 没有待发布任务
04:56:00 [[34MDEBUG[39M] 调度器检查任务...
04:56:00 [[34MDEBUG[39M] 没有待发布任务
04:57:00 [[34MDEBUG[39M] 调度器检查任务...
04:57:00 [[34MDEBUG[39M] 没有待发布任务
04:58:00 [[34MDEBUG[39M] 调度器检查任务...
04:58:00 [[34MDEBUG[39M] 没有待发布任务
04:59:01 [[34MDEBUG[39M] 调度器检查任务...
04:59:01 [[34MDEBUG[39M] 没有待发布任务
05:00:00 [[34MDEBUG[39M] 调度器检查任务...
05:00:00 [[34MDEBUG[39M] 没有待发布任务
05:01:00 [[34MDEBUG[39M] 调度器检查任务...
05:01:00 [[34MDEBUG[39M] 没有待发布任务
05:02:00 [[34MDEBUG[39M] 调度器检查任务...
05:02:00 [[34MDEBUG[39M] 没有待发布任务
05:03:00 [[34MDEBUG[39M] 调度器检查任务...
05:03:00 [[34MDEBUG[39M] 没有待发布任务
05:04:00 [[34MDEBUG[39M] 调度器检查任务...
05:04:00 [[34MDEBUG[39M] 没有待发布任务
05:05:00 [[34MDEBUG[39M] 调度器检查任务...
05:05:00 [[34MDEBUG[39M] 没有待发布任务
05:06:00 [[34MDEBUG[39M] 调度器检查任务...
05:06:00 [[34MDEBUG[39M] 没有待发布任务
05:07:00 [[34MDEBUG[39M] 调度器检查任务...
05:07:00 [[34MDEBUG[39M] 没有待发布任务
05:08:00 [[34MDEBUG[39M] 调度器检查任务...
05:08:00 [[34MDEBUG[39M] 没有待发布任务
05:09:00 [[34MDEBUG[39M] 调度器检查任务...
05:09:00 [[34MDEBUG[39M] 没有待发布任务
05:10:00 [[34MDEBUG[39M] 调度器检查任务...
05:10:00 [[34MDEBUG[39M] 没有待发布任务
05:11:00 [[34MDEBUG[39M] 调度器检查任务...
05:11:00 [[34MDEBUG[39M] 没有待发布任务
05:12:00 [[34MDEBUG[39M] 调度器检查任务...
05:12:00 [[34MDEBUG[39M] 没有待发布任务
05:13:00 [[34MDEBUG[39M] 调度器检查任务...
05:13:00 [[34MDEBUG[39M] 没有待发布任务
05:14:00 [[34MDEBUG[39M] 调度器检查任务...
05:14:00 [[34MDEBUG[39M] 没有待发布任务
05:15:00 [[34MDEBUG[39M] 调度器检查任务...
05:15:00 [[34MDEBUG[39M] 没有待发布任务
05:16:00 [[34MDEBUG[39M] 调度器检查任务...
05:16:00 [[34MDEBUG[39M] 没有待发布任务
05:17:00 [[34MDEBUG[39M] 调度器检查任务...
05:17:00 [[34MDEBUG[39M] 没有待发布任务
05:18:00 [[34MDEBUG[39M] 调度器检查任务...
05:18:00 [[34MDEBUG[39M] 没有待发布任务
05:19:00 [[34MDEBUG[39M] 调度器检查任务...
05:19:00 [[34MDEBUG[39M] 没有待发布任务
05:20:00 [[34MDEBUG[39M] 调度器检查任务...
05:20:00 [[34MDEBUG[39M] 没有待发布任务
05:21:00 [[34MDEBUG[39M] 调度器检查任务...
05:21:00 [[34MDEBUG[39M] 没有待发布任务
05:22:00 [[34MDEBUG[39M] 调度器检查任务...
05:22:00 [[34MDEBUG[39M] 没有待发布任务
05:23:00 [[34MDEBUG[39M] 调度器检查任务...
05:23:00 [[34MDEBUG[39M] 没有待发布任务
05:24:00 [[34MDEBUG[39M] 调度器检查任务...
05:24:00 [[34MDEBUG[39M] 没有待发布任务
05:25:00 [[34MDEBUG[39M] 调度器检查任务...
05:25:00 [[34MDEBUG[39M] 没有待发布任务
05:26:00 [[34MDEBUG[39M] 调度器检查任务...
05:26:00 [[34MDEBUG[39M] 没有待发布任务
05:27:00 [[34MDEBUG[39M] 调度器检查任务...
05:27:00 [[34MDEBUG[39M] 没有待发布任务
05:28:00 [[34MDEBUG[39M] 调度器检查任务...
05:28:00 [[34MDEBUG[39M] 没有待发布任务
05:29:00 [[34MDEBUG[39M] 调度器检查任务...
05:29:00 [[34MDEBUG[39M] 没有待发布任务
05:30:00 [[34MDEBUG[39M] 调度器检查任务...
05:30:00 [[34MDEBUG[39M] 没有待发布任务
05:31:00 [[34MDEBUG[39M] 调度器检查任务...
05:31:00 [[34MDEBUG[39M] 没有待发布任务
05:32:00 [[34MDEBUG[39M] 调度器检查任务...
05:32:00 [[34MDEBUG[39M] 没有待发布任务
05:33:00 [[34MDEBUG[39M] 调度器检查任务...
05:33:00 [[34MDEBUG[39M] 没有待发布任务
05:34:00 [[34MDEBUG[39M] 调度器检查任务...
05:34:00 [[34MDEBUG[39M] 没有待发布任务
05:35:00 [[34MDEBUG[39M] 调度器检查任务...
05:35:00 [[34MDEBUG[39M] 没有待发布任务
05:36:00 [[34MDEBUG[39M] 调度器检查任务...
05:36:00 [[34MDEBUG[39M] 没有待发布任务
05:37:00 [[34MDEBUG[39M] 调度器检查任务...
05:37:00 [[34MDEBUG[39M] 没有待发布任务
05:38:00 [[34MDEBUG[39M] 调度器检查任务...
05:38:00 [[34MDEBUG[39M] 没有待发布任务
05:39:00 [[34MDEBUG[39M] 调度器检查任务...
05:39:00 [[34MDEBUG[39M] 没有待发布任务
05:40:00 [[34MDEBUG[39M] 调度器检查任务...
05:40:00 [[34MDEBUG[39M] 没有待发布任务
05:41:00 [[34MDEBUG[39M] 调度器检查任务...
05:41:00 [[34MDEBUG[39M] 没有待发布任务
05:42:00 [[34MDEBUG[39M] 调度器检查任务...
05:42:00 [[34MDEBUG[39M] 没有待发布任务
05:43:00 [[34MDEBUG[39M] 调度器检查任务...
05:43:00 [[34MDEBUG[39M] 没有待发布任务
05:44:00 [[34MDEBUG[39M] 调度器检查任务...
05:44:00 [[34MDEBUG[39M] 没有待发布任务
05:45:00 [[34MDEBUG[39M] 调度器检查任务...
05:45:00 [[34MDEBUG[39M] 没有待发布任务
05:46:00 [[34MDEBUG[39M] 调度器检查任务...
05:46:00 [[34MDEBUG[39M] 没有待发布任务
05:47:00 [[34MDEBUG[39M] 调度器检查任务...
05:47:00 [[34MDEBUG[39M] 没有待发布任务
05:48:00 [[34MDEBUG[39M] 调度器检查任务...
05:48:00 [[34MDEBUG[39M] 没有待发布任务
05:49:00 [[34MDEBUG[39M] 调度器检查任务...
05:49:00 [[34MDEBUG[39M] 没有待发布任务
05:50:00 [[34MDEBUG[39M] 调度器检查任务...
05:50:00 [[34MDEBUG[39M] 没有待发布任务
05:51:00 [[34MDEBUG[39M] 调度器检查任务...
05:51:00 [[34MDEBUG[39M] 没有待发布任务
05:52:00 [[34MDEBUG[39M] 调度器检查任务...
05:52:00 [[34MDEBUG[39M] 没有待发布任务
05:53:00 [[34MDEBUG[39M] 调度器检查任务...
05:53:00 [[34MDEBUG[39M] 没有待发布任务
05:54:00 [[34MDEBUG[39M] 调度器检查任务...
05:54:00 [[34MDEBUG[39M] 没有待发布任务
05:55:00 [[34MDEBUG[39M] 调度器检查任务...
05:55:00 [[34MDEBUG[39M] 没有待发布任务
05:56:00 [[34MDEBUG[39M] 调度器检查任务...
05:56:00 [[34MDEBUG[39M] 没有待发布任务
05:57:00 [[34MDEBUG[39M] 调度器检查任务...
05:57:00 [[34MDEBUG[39M] 没有待发布任务
05:58:00 [[34MDEBUG[39M] 调度器检查任务...
05:58:00 [[34MDEBUG[39M] 没有待发布任务
05:59:00 [[34MDEBUG[39M] 调度器检查任务...
05:59:00 [[34MDEBUG[39M] 没有待发布任务
06:00:00 [[34MDEBUG[39M] 调度器检查任务...
06:00:00 [[34MDEBUG[39M] 没有待发布任务
06:01:00 [[34MDEBUG[39M] 调度器检查任务...
06:01:00 [[34MDEBUG[39M] 没有待发布任务
06:02:00 [[34MDEBUG[39M] 调度器检查任务...
06:02:00 [[34MDEBUG[39M] 没有待发布任务
06:03:00 [[34MDEBUG[39M] 调度器检查任务...
06:03:00 [[34MDEBUG[39M] 没有待发布任务
06:04:00 [[34MDEBUG[39M] 调度器检查任务...
06:04:00 [[34MDEBUG[39M] 没有待发布任务
06:05:00 [[34MDEBUG[39M] 调度器检查任务...
06:05:00 [[34MDEBUG[39M] 没有待发布任务
06:06:00 [[34MDEBUG[39M] 调度器检查任务...
06:06:00 [[34MDEBUG[39M] 没有待发布任务
06:07:00 [[34MDEBUG[39M] 调度器检查任务...
06:07:01 [[34MDEBUG[39M] 没有待发布任务
06:08:00 [[34MDEBUG[39M] 调度器检查任务...
06:08:00 [[34MDEBUG[39M] 没有待发布任务
06:09:00 [[34MDEBUG[39M] 调度器检查任务...
06:09:00 [[34MDEBUG[39M] 没有待发布任务
06:10:00 [[34MDEBUG[39M] 调度器检查任务...
06:10:00 [[34MDEBUG[39M] 没有待发布任务
06:11:00 [[34MDEBUG[39M] 调度器检查任务...
06:11:00 [[34MDEBUG[39M] 没有待发布任务
06:12:00 [[34MDEBUG[39M] 调度器检查任务...
06:12:00 [[34MDEBUG[39M] 没有待发布任务
06:13:00 [[34MDEBUG[39M] 调度器检查任务...
06:13:00 [[34MDEBUG[39M] 没有待发布任务
06:14:00 [[34MDEBUG[39M] 调度器检查任务...
06:14:00 [[34MDEBUG[39M] 没有待发布任务
06:15:00 [[34MDEBUG[39M] 调度器检查任务...
06:15:00 [[34MDEBUG[39M] 没有待发布任务
06:16:00 [[34MDEBUG[39M] 调度器检查任务...
06:16:00 [[34MDEBUG[39M] 没有待发布任务
06:17:00 [[34MDEBUG[39M] 调度器检查任务...
06:17:00 [[34MDEBUG[39M] 没有待发布任务
06:18:00 [[34MDEBUG[39M] 调度器检查任务...
06:18:00 [[34MDEBUG[39M] 没有待发布任务
06:19:00 [[34MDEBUG[39M] 调度器检查任务...
06:19:00 [[34MDEBUG[39M] 没有待发布任务
06:20:00 [[34MDEBUG[39M] 调度器检查任务...
06:20:00 [[34MDEBUG[39M] 没有待发布任务
06:21:00 [[34MDEBUG[39M] 调度器检查任务...
06:21:00 [[34MDEBUG[39M] 没有待发布任务
06:22:00 [[34MDEBUG[39M] 调度器检查任务...
06:22:00 [[34MDEBUG[39M] 没有待发布任务
06:23:00 [[34MDEBUG[39M] 调度器检查任务...
06:23:00 [[34MDEBUG[39M] 没有待发布任务
06:24:00 [[34MDEBUG[39M] 调度器检查任务...
06:24:00 [[34MDEBUG[39M] 没有待发布任务
06:25:00 [[34MDEBUG[39M] 调度器检查任务...
06:25:00 [[34MDEBUG[39M] 没有待发布任务
06:26:00 [[34MDEBUG[39M] 调度器检查任务...
06:26:00 [[34MDEBUG[39M] 没有待发布任务
06:27:00 [[34MDEBUG[39M] 调度器检查任务...
06:27:00 [[34MDEBUG[39M] 没有待发布任务
06:28:00 [[34MDEBUG[39M] 调度器检查任务...
06:28:00 [[34MDEBUG[39M] 没有待发布任务
06:29:00 [[34MDEBUG[39M] 调度器检查任务...
06:29:00 [[34MDEBUG[39M] 没有待发布任务
06:30:00 [[34MDEBUG[39M] 调度器检查任务...
06:30:00 [[34MDEBUG[39M] 没有待发布任务
06:31:00 [[34MDEBUG[39M] 调度器检查任务...
06:31:00 [[34MDEBUG[39M] 没有待发布任务
06:32:00 [[34MDEBUG[39M] 调度器检查任务...
06:32:00 [[34MDEBUG[39M] 没有待发布任务
06:33:00 [[34MDEBUG[39M] 调度器检查任务...
06:33:00 [[34MDEBUG[39M] 没有待发布任务
06:34:00 [[34MDEBUG[39M] 调度器检查任务...
06:34:00 [[34MDEBUG[39M] 没有待发布任务
06:35:00 [[34MDEBUG[39M] 调度器检查任务...
06:35:00 [[34MDEBUG[39M] 没有待发布任务
06:36:00 [[34MDEBUG[39M] 调度器检查任务...
06:36:00 [[34MDEBUG[39M] 没有待发布任务
06:37:00 [[34MDEBUG[39M] 调度器检查任务...
06:37:00 [[34MDEBUG[39M] 没有待发布任务
06:38:00 [[34MDEBUG[39M] 调度器检查任务...
06:38:00 [[34MDEBUG[39M] 没有待发布任务
06:39:00 [[34MDEBUG[39M] 调度器检查任务...
06:39:00 [[34MDEBUG[39M] 没有待发布任务
06:40:00 [[34MDEBUG[39M] 调度器检查任务...
06:40:00 [[34MDEBUG[39M] 没有待发布任务
06:41:00 [[34MDEBUG[39M] 调度器检查任务...
06:41:00 [[34MDEBUG[39M] 没有待发布任务
06:42:00 [[34MDEBUG[39M] 调度器检查任务...
06:42:00 [[34MDEBUG[39M] 没有待发布任务
06:43:00 [[34MDEBUG[39M] 调度器检查任务...
06:43:00 [[34MDEBUG[39M] 没有待发布任务
06:44:00 [[34MDEBUG[39M] 调度器检查任务...
06:44:00 [[34MDEBUG[39M] 没有待发布任务
06:45:00 [[34MDEBUG[39M] 调度器检查任务...
06:45:00 [[34MDEBUG[39M] 没有待发布任务
06:46:00 [[34MDEBUG[39M] 调度器检查任务...
06:46:00 [[34MDEBUG[39M] 没有待发布任务
06:47:00 [[34MDEBUG[39M] 调度器检查任务...
06:47:00 [[34MDEBUG[39M] 没有待发布任务
06:48:00 [[34MDEBUG[39M] 调度器检查任务...
06:48:00 [[34MDEBUG[39M] 没有待发布任务
06:49:00 [[34MDEBUG[39M] 调度器检查任务...
06:49:00 [[34MDEBUG[39M] 没有待发布任务
06:50:00 [[34MDEBUG[39M] 调度器检查任务...
06:50:00 [[34MDEBUG[39M] 没有待发布任务
06:51:00 [[34MDEBUG[39M] 调度器检查任务...
06:51:00 [[34MDEBUG[39M] 没有待发布任务
06:52:00 [[34MDEBUG[39M] 调度器检查任务...
06:52:00 [[34MDEBUG[39M] 没有待发布任务
06:53:00 [[34MDEBUG[39M] 调度器检查任务...
06:53:00 [[34MDEBUG[39M] 没有待发布任务
06:54:00 [[34MDEBUG[39M] 调度器检查任务...
06:54:00 [[34MDEBUG[39M] 没有待发布任务
06:55:00 [[34MDEBUG[39M] 调度器检查任务...
06:55:00 [[34MDEBUG[39M] 没有待发布任务
06:56:00 [[34MDEBUG[39M] 调度器检查任务...
06:56:00 [[34MDEBUG[39M] 没有待发布任务
06:57:00 [[34MDEBUG[39M] 调度器检查任务...
06:57:00 [[34MDEBUG[39M] 没有待发布任务
06:58:00 [[34MDEBUG[39M] 调度器检查任务...
06:58:00 [[34MDEBUG[39M] 没有待发布任务
06:59:00 [[34MDEBUG[39M] 调度器检查任务...
06:59:00 [[34MDEBUG[39M] 没有待发布任务
07:00:00 [[34MDEBUG[39M] 调度器检查任务...
07:00:00 [[34MDEBUG[39M] 没有待发布任务
07:01:00 [[34MDEBUG[39M] 调度器检查任务...
07:01:00 [[34MDEBUG[39M] 没有待发布任务
07:02:00 [[34MDEBUG[39M] 调度器检查任务...
07:02:00 [[34MDEBUG[39M] 没有待发布任务
07:03:00 [[34MDEBUG[39M] 调度器检查任务...
07:03:00 [[34MDEBUG[39M] 没有待发布任务
07:04:00 [[34MDEBUG[39M] 调度器检查任务...
07:04:00 [[34MDEBUG[39M] 没有待发布任务
07:05:00 [[34MDEBUG[39M] 调度器检查任务...
07:05:00 [[34MDEBUG[39M] 没有待发布任务
07:06:00 [[34MDEBUG[39M] 调度器检查任务...
07:06:01 [[34MDEBUG[39M] 没有待发布任务
07:07:00 [[34MDEBUG[39M] 调度器检查任务...
07:07:00 [[34MDEBUG[39M] 没有待发布任务
07:08:00 [[34MDEBUG[39M] 调度器检查任务...
07:08:00 [[34MDEBUG[39M] 没有待发布任务
07:09:00 [[34MDEBUG[39M] 调度器检查任务...
07:09:00 [[34MDEBUG[39M] 没有待发布任务
07:10:00 [[34MDEBUG[39M] 调度器检查任务...
07:10:00 [[34MDEBUG[39M] 没有待发布任务
07:11:00 [[34MDEBUG[39M] 调度器检查任务...
07:11:00 [[34MDEBUG[39M] 没有待发布任务
07:12:00 [[34MDEBUG[39M] 调度器检查任务...
07:12:00 [[34MDEBUG[39M] 没有待发布任务
07:13:00 [[34MDEBUG[39M] 调度器检查任务...
07:13:00 [[34MDEBUG[39M] 没有待发布任务
07:14:00 [[34MDEBUG[39M] 调度器检查任务...
07:14:00 [[34MDEBUG[39M] 没有待发布任务
07:15:00 [[34MDEBUG[39M] 调度器检查任务...
07:15:00 [[34MDEBUG[39M] 没有待发布任务
07:16:00 [[34MDEBUG[39M] 调度器检查任务...
07:16:00 [[34MDEBUG[39M] 没有待发布任务
07:17:00 [[34MDEBUG[39M] 调度器检查任务...
07:17:00 [[34MDEBUG[39M] 没有待发布任务
07:18:00 [[34MDEBUG[39M] 调度器检查任务...
07:18:00 [[34MDEBUG[39M] 没有待发布任务
07:19:00 [[34MDEBUG[39M] 调度器检查任务...
07:19:00 [[34MDEBUG[39M] 没有待发布任务
07:20:00 [[34MDEBUG[39M] 调度器检查任务...
07:20:00 [[34MDEBUG[39M] 没有待发布任务
07:21:00 [[34MDEBUG[39M] 调度器检查任务...
07:21:00 [[34MDEBUG[39M] 没有待发布任务
07:22:00 [[34MDEBUG[39M] 调度器检查任务...
07:22:00 [[34MDEBUG[39M] 没有待发布任务
07:23:00 [[34MDEBUG[39M] 调度器检查任务...
07:23:00 [[34MDEBUG[39M] 没有待发布任务
07:24:00 [[34MDEBUG[39M] 调度器检查任务...
07:24:00 [[34MDEBUG[39M] 没有待发布任务
07:25:00 [[34MDEBUG[39M] 调度器检查任务...
07:25:00 [[34MDEBUG[39M] 没有待发布任务
07:26:00 [[34MDEBUG[39M] 调度器检查任务...
07:26:00 [[34MDEBUG[39M] 没有待发布任务
07:27:00 [[34MDEBUG[39M] 调度器检查任务...
07:27:00 [[34MDEBUG[39M] 没有待发布任务
07:28:00 [[34MDEBUG[39M] 调度器检查任务...
07:28:00 [[34MDEBUG[39M] 没有待发布任务
07:29:00 [[34MDEBUG[39M] 调度器检查任务...
07:29:00 [[34MDEBUG[39M] 没有待发布任务
07:30:00 [[34MDEBUG[39M] 调度器检查任务...
07:30:00 [[34MDEBUG[39M] 没有待发布任务
07:31:00 [[34MDEBUG[39M] 调度器检查任务...
07:31:00 [[34MDEBUG[39M] 没有待发布任务
07:32:00 [[34MDEBUG[39M] 调度器检查任务...
07:32:00 [[34MDEBUG[39M] 没有待发布任务
07:33:00 [[34MDEBUG[39M] 调度器检查任务...
07:33:00 [[34MDEBUG[39M] 没有待发布任务
07:34:00 [[34MDEBUG[39M] 调度器检查任务...
07:34:00 [[34MDEBUG[39M] 没有待发布任务
07:35:00 [[34MDEBUG[39M] 调度器检查任务...
07:35:00 [[34MDEBUG[39M] 没有待发布任务
07:36:00 [[34MDEBUG[39M] 调度器检查任务...
07:36:00 [[34MDEBUG[39M] 没有待发布任务
07:37:00 [[34MDEBUG[39M] 调度器检查任务...
07:37:00 [[34MDEBUG[39M] 没有待发布任务
07:38:00 [[34MDEBUG[39M] 调度器检查任务...
07:38:00 [[34MDEBUG[39M] 没有待发布任务
07:39:00 [[34MDEBUG[39M] 调度器检查任务...
07:39:00 [[34MDEBUG[39M] 没有待发布任务
07:40:00 [[34MDEBUG[39M] 调度器检查任务...
07:40:00 [[34MDEBUG[39M] 没有待发布任务
07:41:00 [[34MDEBUG[39M] 调度器检查任务...
07:41:00 [[34MDEBUG[39M] 没有待发布任务
07:42:00 [[34MDEBUG[39M] 调度器检查任务...
07:42:00 [[34MDEBUG[39M] 没有待发布任务
07:43:00 [[34MDEBUG[39M] 调度器检查任务...
07:43:00 [[34MDEBUG[39M] 没有待发布任务
07:44:00 [[34MDEBUG[39M] 调度器检查任务...
07:44:00 [[34MDEBUG[39M] 没有待发布任务
07:45:00 [[34MDEBUG[39M] 调度器检查任务...
07:45:00 [[34MDEBUG[39M] 没有待发布任务
07:46:00 [[34MDEBUG[39M] 调度器检查任务...
07:46:00 [[34MDEBUG[39M] 没有待发布任务
07:47:00 [[34MDEBUG[39M] 调度器检查任务...
07:47:00 [[34MDEBUG[39M] 没有待发布任务
07:48:00 [[34MDEBUG[39M] 调度器检查任务...
07:48:00 [[34MDEBUG[39M] 没有待发布任务
07:49:00 [[34MDEBUG[39M] 调度器检查任务...
07:49:00 [[34MDEBUG[39M] 没有待发布任务
07:50:00 [[34MDEBUG[39M] 调度器检查任务...
07:50:00 [[34MDEBUG[39M] 没有待发布任务
07:51:00 [[34MDEBUG[39M] 调度器检查任务...
07:51:00 [[34MDEBUG[39M] 没有待发布任务
07:52:00 [[34MDEBUG[39M] 调度器检查任务...
07:52:00 [[34MDEBUG[39M] 没有待发布任务
07:53:00 [[34MDEBUG[39M] 调度器检查任务...
07:53:00 [[34MDEBUG[39M] 没有待发布任务
07:54:00 [[34MDEBUG[39M] 调度器检查任务...
07:54:00 [[34MDEBUG[39M] 没有待发布任务
07:55:00 [[34MDEBUG[39M] 调度器检查任务...
07:55:00 [[34MDEBUG[39M] 没有待发布任务
07:56:00 [[34MDEBUG[39M] 调度器检查任务...
07:56:00 [[34MDEBUG[39M] 没有待发布任务
07:57:00 [[34MDEBUG[39M] 调度器检查任务...
07:57:00 [[34MDEBUG[39M] 没有待发布任务
07:58:00 [[34MDEBUG[39M] 调度器检查任务...
07:58:00 [[34MDEBUG[39M] 没有待发布任务
07:59:00 [[34MDEBUG[39M] 调度器检查任务...
07:59:00 [[34MDEBUG[39M] 没有待发布任务
08:00:00 [[34MDEBUG[39M] 调度器检查任务...
08:00:00 [[34MDEBUG[39M] 没有待发布任务
08:01:00 [[34MDEBUG[39M] 调度器检查任务...
08:01:00 [[34MDEBUG[39M] 没有待发布任务
08:02:00 [[34MDEBUG[39M] 调度器检查任务...
08:02:00 [[34MDEBUG[39M] 没有待发布任务
08:03:00 [[34MDEBUG[39M] 调度器检查任务...
08:03:00 [[34MDEBUG[39M] 没有待发布任务
08:04:00 [[34MDEBUG[39M] 调度器检查任务...
08:04:00 [[34MDEBUG[39M] 没有待发布任务
08:05:00 [[34MDEBUG[39M] 调度器检查任务...
08:05:00 [[34MDEBUG[39M] 没有待发布任务
08:06:00 [[34MDEBUG[39M] 调度器检查任务...
08:06:00 [[34MDEBUG[39M] 没有待发布任务
08:07:00 [[34MDEBUG[39M] 调度器检查任务...
08:07:00 [[34MDEBUG[39M] 没有待发布任务
08:08:00 [[34MDEBUG[39M] 调度器检查任务...
08:08:00 [[34MDEBUG[39M] 没有待发布任务
08:09:00 [[34MDEBUG[39M] 调度器检查任务...
08:09:00 [[34MDEBUG[39M] 没有待发布任务
08:10:00 [[34MDEBUG[39M] 调度器检查任务...
08:10:00 [[34MDEBUG[39M] 没有待发布任务
08:11:00 [[34MDEBUG[39M] 调度器检查任务...
08:11:00 [[34MDEBUG[39M] 没有待发布任务
08:12:00 [[34MDEBUG[39M] 调度器检查任务...
08:12:00 [[34MDEBUG[39M] 没有待发布任务
08:13:00 [[34MDEBUG[39M] 调度器检查任务...
08:13:00 [[34MDEBUG[39M] 没有待发布任务
08:14:00 [[34MDEBUG[39M] 调度器检查任务...
08:14:00 [[34MDEBUG[39M] 没有待发布任务
08:15:00 [[34MDEBUG[39M] 调度器检查任务...
08:15:00 [[34MDEBUG[39M] 没有待发布任务
08:16:00 [[34MDEBUG[39M] 调度器检查任务...
08:16:00 [[34MDEBUG[39M] 没有待发布任务
08:17:00 [[34MDEBUG[39M] 调度器检查任务...
08:17:00 [[34MDEBUG[39M] 没有待发布任务
08:18:00 [[34MDEBUG[39M] 调度器检查任务...
08:18:00 [[34MDEBUG[39M] 没有待发布任务
08:19:00 [[34MDEBUG[39M] 调度器检查任务...
08:19:00 [[34MDEBUG[39M] 没有待发布任务
08:20:00 [[34MDEBUG[39M] 调度器检查任务...
08:20:00 [[34MDEBUG[39M] 没有待发布任务
08:21:00 [[34MDEBUG[39M] 调度器检查任务...
08:21:00 [[34MDEBUG[39M] 没有待发布任务
08:22:00 [[34MDEBUG[39M] 调度器检查任务...
08:22:00 [[34MDEBUG[39M] 没有待发布任务
08:23:00 [[34MDEBUG[39M] 调度器检查任务...
08:23:00 [[34MDEBUG[39M] 没有待发布任务
08:24:00 [[34MDEBUG[39M] 调度器检查任务...
08:24:00 [[34MDEBUG[39M] 没有待发布任务
08:25:00 [[34MDEBUG[39M] 调度器检查任务...
08:25:00 [[34MDEBUG[39M] 没有待发布任务
08:26:00 [[34MDEBUG[39M] 调度器检查任务...
08:26:00 [[34MDEBUG[39M] 没有待发布任务
08:27:00 [[34MDEBUG[39M] 调度器检查任务...
08:27:00 [[34MDEBUG[39M] 没有待发布任务
08:28:00 [[34MDEBUG[39M] 调度器检查任务...
08:28:00 [[34MDEBUG[39M] 没有待发布任务
08:29:00 [[34MDEBUG[39M] 调度器检查任务...
08:29:00 [[34MDEBUG[39M] 没有待发布任务
08:30:00 [[34MDEBUG[39M] 调度器检查任务...
08:30:00 [[34MDEBUG[39M] 没有待发布任务
08:31:00 [[34MDEBUG[39M] 调度器检查任务...
08:31:00 [[34MDEBUG[39M] 没有待发布任务
08:32:00 [[34MDEBUG[39M] 调度器检查任务...
08:32:00 [[34MDEBUG[39M] 没有待发布任务
08:33:00 [[34MDEBUG[39M] 调度器检查任务...
08:33:00 [[34MDEBUG[39M] 没有待发布任务
08:34:00 [[34MDEBUG[39M] 调度器检查任务...
08:34:00 [[34MDEBUG[39M] 没有待发布任务
08:35:00 [[34MDEBUG[39M] 调度器检查任务...
08:35:01 [[34MDEBUG[39M] 没有待发布任务
08:36:00 [[34MDEBUG[39M] 调度器检查任务...
08:36:00 [[34MDEBUG[39M] 没有待发布任务
08:37:00 [[34MDEBUG[39M] 调度器检查任务...
08:37:00 [[34MDEBUG[39M] 没有待发布任务
08:38:00 [[34MDEBUG[39M] 调度器检查任务...
08:38:00 [[34MDEBUG[39M] 没有待发布任务
08:39:00 [[34MDEBUG[39M] 调度器检查任务...
08:39:00 [[34MDEBUG[39M] 没有待发布任务
08:40:00 [[34MDEBUG[39M] 调度器检查任务...
08:40:00 [[34MDEBUG[39M] 没有待发布任务
08:41:00 [[34MDEBUG[39M] 调度器检查任务...
08:41:00 [[34MDEBUG[39M] 没有待发布任务
08:42:00 [[34MDEBUG[39M] 调度器检查任务...
08:42:00 [[34MDEBUG[39M] 没有待发布任务
08:43:00 [[34MDEBUG[39M] 调度器检查任务...
08:43:00 [[34MDEBUG[39M] 没有待发布任务
08:44:00 [[34MDEBUG[39M] 调度器检查任务...
08:44:00 [[34MDEBUG[39M] 没有待发布任务
08:45:00 [[34MDEBUG[39M] 调度器检查任务...
08:45:00 [[34MDEBUG[39M] 没有待发布任务
08:46:00 [[34MDEBUG[39M] 调度器检查任务...
08:46:00 [[34MDEBUG[39M] 没有待发布任务
08:47:00 [[34MDEBUG[39M] 调度器检查任务...
08:47:00 [[34MDEBUG[39M] 没有待发布任务
08:48:00 [[34MDEBUG[39M] 调度器检查任务...
08:48:00 [[34MDEBUG[39M] 没有待发布任务
08:49:00 [[34MDEBUG[39M] 调度器检查任务...
08:49:00 [[34MDEBUG[39M] 没有待发布任务
08:50:00 [[34MDEBUG[39M] 调度器检查任务...
08:50:00 [[34MDEBUG[39M] 没有待发布任务
08:51:00 [[34MDEBUG[39M] 调度器检查任务...
08:51:00 [[34MDEBUG[39M] 没有待发布任务
08:52:00 [[34MDEBUG[39M] 调度器检查任务...
08:52:00 [[34MDEBUG[39M] 没有待发布任务
08:53:00 [[34MDEBUG[39M] 调度器检查任务...
08:53:00 [[34MDEBUG[39M] 没有待发布任务
08:54:00 [[34MDEBUG[39M] 调度器检查任务...
08:54:00 [[34MDEBUG[39M] 没有待发布任务
08:55:00 [[34MDEBUG[39M] 调度器检查任务...
08:55:00 [[34MDEBUG[39M] 没有待发布任务
08:56:00 [[34MDEBUG[39M] 调度器检查任务...
08:56:00 [[34MDEBUG[39M] 没有待发布任务
08:57:00 [[34MDEBUG[39M] 调度器检查任务...
08:57:00 [[34MDEBUG[39M] 没有待发布任务
08:58:00 [[34MDEBUG[39M] 调度器检查任务...
08:58:00 [[34MDEBUG[39M] 没有待发布任务
08:59:00 [[34MDEBUG[39M] 调度器检查任务...
08:59:00 [[34MDEBUG[39M] 没有待发布任务
09:00:00 [[34MDEBUG[39M] 调度器检查任务...
09:00:00 [[34MDEBUG[39M] 没有待发布任务
09:01:00 [[34MDEBUG[39M] 调度器检查任务...
09:01:00 [[34MDEBUG[39M] 没有待发布任务
09:02:00 [[34MDEBUG[39M] 调度器检查任务...
09:02:00 [[34MDEBUG[39M] 没有待发布任务
09:03:00 [[34MDEBUG[39M] 调度器检查任务...
09:03:00 [[34MDEBUG[39M] 没有待发布任务
09:04:00 [[34MDEBUG[39M] 调度器检查任务...
09:04:00 [[34MDEBUG[39M] 没有待发布任务
09:05:00 [[34MDEBUG[39M] 调度器检查任务...
09:05:00 [[34MDEBUG[39M] 没有待发布任务
09:06:00 [[34MDEBUG[39M] 调度器检查任务...
09:06:00 [[34MDEBUG[39M] 没有待发布任务
09:07:00 [[34MDEBUG[39M] 调度器检查任务...
09:07:00 [[34MDEBUG[39M] 没有待发布任务
09:08:00 [[34MDEBUG[39M] 调度器检查任务...
09:08:00 [[34MDEBUG[39M] 没有待发布任务
09:09:00 [[34MDEBUG[39M] 调度器检查任务...
09:09:00 [[34MDEBUG[39M] 没有待发布任务
09:10:00 [[34MDEBUG[39M] 调度器检查任务...
09:10:00 [[34MDEBUG[39M] 没有待发布任务
09:11:00 [[34MDEBUG[39M] 调度器检查任务...
09:11:00 [[34MDEBUG[39M] 没有待发布任务
09:12:00 [[34MDEBUG[39M] 调度器检查任务...
09:12:00 [[34MDEBUG[39M] 没有待发布任务
09:13:00 [[34MDEBUG[39M] 调度器检查任务...
09:13:00 [[34MDEBUG[39M] 没有待发布任务
09:14:00 [[34MDEBUG[39M] 调度器检查任务...
09:14:00 [[34MDEBUG[39M] 没有待发布任务
09:15:00 [[34MDEBUG[39M] 调度器检查任务...
09:15:00 [[34MDEBUG[39M] 没有待发布任务
09:16:00 [[34MDEBUG[39M] 调度器检查任务...
09:16:00 [[34MDEBUG[39M] 没有待发布任务
09:17:00 [[34MDEBUG[39M] 调度器检查任务...
09:17:00 [[34MDEBUG[39M] 没有待发布任务
09:18:00 [[34MDEBUG[39M] 调度器检查任务...
09:18:00 [[34MDEBUG[39M] 没有待发布任务
09:19:00 [[34MDEBUG[39M] 调度器检查任务...
09:19:00 [[34MDEBUG[39M] 没有待发布任务
09:20:00 [[34MDEBUG[39M] 调度器检查任务...
09:20:00 [[34MDEBUG[39M] 没有待发布任务
09:21:00 [[34MDEBUG[39M] 调度器检查任务...
09:21:00 [[34MDEBUG[39M] 没有待发布任务
09:22:00 [[34MDEBUG[39M] 调度器检查任务...
09:22:00 [[34MDEBUG[39M] 没有待发布任务
09:23:00 [[34MDEBUG[39M] 调度器检查任务...
09:23:00 [[34MDEBUG[39M] 没有待发布任务
09:24:00 [[34MDEBUG[39M] 调度器检查任务...
09:24:00 [[34MDEBUG[39M] 没有待发布任务
09:25:00 [[34MDEBUG[39M] 调度器检查任务...
09:25:00 [[34MDEBUG[39M] 没有待发布任务
09:26:00 [[34MDEBUG[39M] 调度器检查任务...
09:26:00 [[34MDEBUG[39M] 没有待发布任务
09:27:00 [[34MDEBUG[39M] 调度器检查任务...
09:27:00 [[34MDEBUG[39M] 没有待发布任务
09:28:00 [[34MDEBUG[39M] 调度器检查任务...
09:28:00 [[34MDEBUG[39M] 没有待发布任务
09:29:00 [[34MDEBUG[39M] 调度器检查任务...
09:29:00 [[34MDEBUG[39M] 没有待发布任务
09:30:00 [[34MDEBUG[39M] 调度器检查任务...
09:30:00 [[34MDEBUG[39M] 没有待发布任务
09:31:00 [[34MDEBUG[39M] 调度器检查任务...
09:31:00 [[34MDEBUG[39M] 没有待发布任务
09:32:00 [[34MDEBUG[39M] 调度器检查任务...
09:32:00 [[34MDEBUG[39M] 没有待发布任务
09:33:00 [[34MDEBUG[39M] 调度器检查任务...
09:33:00 [[34MDEBUG[39M] 没有待发布任务
09:34:00 [[34MDEBUG[39M] 调度器检查任务...
09:34:00 [[34MDEBUG[39M] 没有待发布任务
09:35:00 [[34MDEBUG[39M] 调度器检查任务...
09:35:00 [[34MDEBUG[39M] 没有待发布任务
09:36:00 [[34MDEBUG[39M] 调度器检查任务...
09:36:00 [[34MDEBUG[39M] 没有待发布任务
09:37:00 [[34MDEBUG[39M] 调度器检查任务...
09:37:00 [[34MDEBUG[39M] 没有待发布任务
09:38:00 [[34MDEBUG[39M] 调度器检查任务...
09:38:00 [[34MDEBUG[39M] 没有待发布任务
09:39:00 [[34MDEBUG[39M] 调度器检查任务...
09:39:00 [[34MDEBUG[39M] 没有待发布任务
09:40:00 [[34MDEBUG[39M] 调度器检查任务...
09:40:00 [[34MDEBUG[39M] 没有待发布任务
09:41:00 [[34MDEBUG[39M] 调度器检查任务...
09:41:00 [[34MDEBUG[39M] 没有待发布任务
09:42:00 [[34MDEBUG[39M] 调度器检查任务...
09:42:00 [[34MDEBUG[39M] 没有待发布任务
09:43:00 [[34MDEBUG[39M] 调度器检查任务...
09:43:00 [[34MDEBUG[39M] 没有待发布任务
09:44:00 [[34MDEBUG[39M] 调度器检查任务...
09:44:00 [[34MDEBUG[39M] 没有待发布任务
09:45:00 [[34MDEBUG[39M] 调度器检查任务...
09:45:00 [[34MDEBUG[39M] 没有待发布任务
09:46:00 [[34MDEBUG[39M] 调度器检查任务...
09:46:00 [[34MDEBUG[39M] 没有待发布任务
09:47:00 [[34MDEBUG[39M] 调度器检查任务...
09:47:00 [[34MDEBUG[39M] 没有待发布任务
09:48:00 [[34MDEBUG[39M] 调度器检查任务...
09:48:00 [[34MDEBUG[39M] 没有待发布任务
09:49:00 [[34MDEBUG[39M] 调度器检查任务...
09:49:00 [[34MDEBUG[39M] 没有待发布任务
09:50:00 [[34MDEBUG[39M] 调度器检查任务...
09:50:00 [[34MDEBUG[39M] 没有待发布任务
09:51:00 [[34MDEBUG[39M] 调度器检查任务...
09:51:00 [[34MDEBUG[39M] 没有待发布任务
09:52:00 [[34MDEBUG[39M] 调度器检查任务...
09:52:00 [[34MDEBUG[39M] 没有待发布任务
09:53:00 [[34MDEBUG[39M] 调度器检查任务...
09:53:00 [[34MDEBUG[39M] 没有待发布任务
09:54:00 [[34MDEBUG[39M] 调度器检查任务...
09:54:00 [[34MDEBUG[39M] 没有待发布任务
09:55:00 [[34MDEBUG[39M] 调度器检查任务...
09:55:00 [[34MDEBUG[39M] 没有待发布任务
09:56:00 [[34MDEBUG[39M] 调度器检查任务...
09:56:00 [[34MDEBUG[39M] 没有待发布任务
09:57:00 [[34MDEBUG[39M] 调度器检查任务...
09:57:00 [[34MDEBUG[39M] 没有待发布任务
09:58:00 [[34MDEBUG[39M] 调度器检查任务...
09:58:00 [[34MDEBUG[39M] 没有待发布任务
09:59:00 [[34MDEBUG[39M] 调度器检查任务...
09:59:00 [[34MDEBUG[39M] 没有待发布任务
10:00:00 [[34MDEBUG[39M] 调度器检查任务...
10:00:00 [[34MDEBUG[39M] 没有待发布任务
10:01:00 [[34MDEBUG[39M] 调度器检查任务...
10:01:00 [[34MDEBUG[39M] 没有待发布任务
10:02:00 [[34MDEBUG[39M] 调度器检查任务...
10:02:00 [[34MDEBUG[39M] 没有待发布任务
10:03:00 [[34MDEBUG[39M] 调度器检查任务...
10:03:00 [[34MDEBUG[39M] 没有待发布任务
10:04:00 [[34MDEBUG[39M] 调度器检查任务...
10:04:00 [[34MDEBUG[39M] 没有待发布任务
10:05:00 [[34MDEBUG[39M] 调度器检查任务...
10:05:00 [[34MDEBUG[39M] 没有待发布任务
10:06:00 [[34MDEBUG[39M] 调度器检查任务...
10:06:00 [[34MDEBUG[39M] 没有待发布任务
10:07:00 [[34MDEBUG[39M] 调度器检查任务...
10:07:00 [[34MDEBUG[39M] 没有待发布任务
10:08:00 [[34MDEBUG[39M] 调度器检查任务...
10:08:00 [[34MDEBUG[39M] 没有待发布任务
10:09:00 [[34MDEBUG[39M] 调度器检查任务...
10:09:00 [[34MDEBUG[39M] 没有待发布任务
10:10:00 [[34MDEBUG[39M] 调度器检查任务...
10:10:00 [[34MDEBUG[39M] 没有待发布任务
10:11:00 [[34MDEBUG[39M] 调度器检查任务...
10:11:00 [[34MDEBUG[39M] 没有待发布任务
10:12:00 [[34MDEBUG[39M] 调度器检查任务...
10:12:00 [[34MDEBUG[39M] 没有待发布任务
10:13:00 [[34MDEBUG[39M] 调度器检查任务...
10:13:00 [[34MDEBUG[39M] 没有待发布任务
10:14:00 [[34MDEBUG[39M] 调度器检查任务...
10:14:00 [[34MDEBUG[39M] 没有待发布任务
10:15:00 [[34MDEBUG[39M] 调度器检查任务...
10:15:00 [[34MDEBUG[39M] 没有待发布任务
10:16:00 [[34MDEBUG[39M] 调度器检查任务...
10:16:00 [[34MDEBUG[39M] 没有待发布任务
10:17:00 [[34MDEBUG[39M] 调度器检查任务...
10:17:00 [[34MDEBUG[39M] 没有待发布任务
10:18:00 [[34MDEBUG[39M] 调度器检查任务...
10:18:00 [[34MDEBUG[39M] 没有待发布任务
10:19:00 [[34MDEBUG[39M] 调度器检查任务...
10:19:00 [[34MDEBUG[39M] 没有待发布任务
10:20:00 [[34MDEBUG[39M] 调度器检查任务...
10:20:00 [[34MDEBUG[39M] 没有待发布任务
10:21:00 [[34MDEBUG[39M] 调度器检查任务...
10:21:00 [[34MDEBUG[39M] 没有待发布任务
10:22:00 [[34MDEBUG[39M] 调度器检查任务...
10:22:00 [[34MDEBUG[39M] 没有待发布任务
10:23:00 [[34MDEBUG[39M] 调度器检查任务...
10:23:00 [[34MDEBUG[39M] 没有待发布任务
10:24:00 [[34MDEBUG[39M] 调度器检查任务...
10:24:00 [[34MDEBUG[39M] 没有待发布任务
10:25:00 [[34MDEBUG[39M] 调度器检查任务...
10:25:00 [[34MDEBUG[39M] 没有待发布任务
10:26:00 [[34MDEBUG[39M] 调度器检查任务...
10:26:00 [[34MDEBUG[39M] 没有待发布任务
10:27:00 [[34MDEBUG[39M] 调度器检查任务...
10:27:00 [[34MDEBUG[39M] 没有待发布任务
10:28:00 [[34MDEBUG[39M] 调度器检查任务...
10:28:00 [[34MDEBUG[39M] 没有待发布任务
10:29:00 [[34MDEBUG[39M] 调度器检查任务...
10:29:00 [[34MDEBUG[39M] 没有待发布任务
10:30:00 [[34MDEBUG[39M] 调度器检查任务...
10:30:00 [[34MDEBUG[39M] 没有待发布任务
10:31:00 [[34MDEBUG[39M] 调度器检查任务...
10:31:00 [[34MDEBUG[39M] 没有待发布任务
10:32:00 [[34MDEBUG[39M] 调度器检查任务...
10:32:00 [[34MDEBUG[39M] 没有待发布任务
10:33:00 [[34MDEBUG[39M] 调度器检查任务...
10:33:00 [[34MDEBUG[39M] 没有待发布任务
10:34:00 [[34MDEBUG[39M] 调度器检查任务...
10:34:00 [[34MDEBUG[39M] 没有待发布任务
10:35:00 [[34MDEBUG[39M] 调度器检查任务...
10:35:00 [[34MDEBUG[39M] 没有待发布任务
10:36:00 [[34MDEBUG[39M] 调度器检查任务...
10:36:00 [[34MDEBUG[39M] 没有待发布任务
10:37:00 [[34MDEBUG[39M] 调度器检查任务...
10:37:00 [[34MDEBUG[39M] 没有待发布任务
10:38:00 [[34MDEBUG[39M] 调度器检查任务...
10:38:00 [[34MDEBUG[39M] 没有待发布任务
10:39:00 [[34MDEBUG[39M] 调度器检查任务...
10:39:00 [[34MDEBUG[39M] 没有待发布任务
